mode: count
github.com/Jonss/posterr/pkg/post/post.go:36.40,39.36 3 5
github.com/Jonss/posterr/pkg/post/post.go:42.2,42.35 1 4
github.com/Jonss/posterr/pkg/post/post.go:45.2,45.17 1 3
github.com/Jonss/posterr/pkg/post/post.go:39.36,41.3 1 1
github.com/Jonss/posterr/pkg/post/post.go:42.35,44.3 1 1
github.com/Jonss/posterr/pkg/post/post.go:59.99,68.16 2 3
github.com/Jonss/posterr/pkg/post/post.go:71.2,73.26 3 3
github.com/Jonss/posterr/pkg/post/post.go:86.2,91.22 2 3
github.com/Jonss/posterr/pkg/post/post.go:68.16,70.3 1 0
github.com/Jonss/posterr/pkg/post/post.go:73.26,84.3 1 3
github.com/Jonss/posterr/pkg/post/post.go:94.50,95.14 1 3
github.com/Jonss/posterr/pkg/post/post.go:98.2,104.3 1 2
github.com/Jonss/posterr/pkg/post/post.go:95.14,97.3 1 1
github.com/Jonss/posterr/pkg/post/post.go:107.53,108.15 1 2
github.com/Jonss/posterr/pkg/post/post.go:111.2,115.20 3 2
github.com/Jonss/posterr/pkg/post/post.go:108.15,110.3 1 0
github.com/Jonss/posterr/pkg/post/service.go:13.47,15.2 1 3
github.com/Jonss/posterr/db/connection.go:9.56,11.16 2 0
github.com/Jonss/posterr/db/connection.go:14.2,14.18 1 0
github.com/Jonss/posterr/db/connection.go:11.16,13.3 1 0
github.com/Jonss/posterr/db/posts.sql.go:24.88,29.2 4 0
github.com/Jonss/posterr/db/posts.sql.go:45.87,56.2 4 0
github.com/Jonss/posterr/db/posts.sql.go:73.83,89.2 4 0
github.com/Jonss/posterr/api/httpserver/responses.go:12.83,14.16 2 0
github.com/Jonss/posterr/api/httpserver/responses.go:18.2,21.16 4 0
github.com/Jonss/posterr/api/httpserver/responses.go:14.16,16.3 1 0
github.com/Jonss/posterr/api/httpserver/responses.go:21.16,23.3 1 0
github.com/Jonss/posterr/api/httpserver/responses.go:34.64,38.2 3 0
github.com/Jonss/posterr/db/mock/db.go:27.65,31.2 3 3
github.com/Jonss/posterr/db/mock/db.go:34.63,36.2 1 3
github.com/Jonss/posterr/db/mock/db.go:39.100,45.2 5 0
github.com/Jonss/posterr/db/mock/db.go:48.87,51.2 2 0
github.com/Jonss/posterr/db/mock/db.go:54.102,60.2 5 0
github.com/Jonss/posterr/db/mock/db.go:63.87,66.2 2 0
github.com/Jonss/posterr/db/mock/db.go:69.108,75.2 5 3
github.com/Jonss/posterr/db/mock/db.go:78.87,81.2 2 3
github.com/Jonss/posterr/db/mock/db.go:84.98,90.2 5 0
github.com/Jonss/posterr/db/mock/db.go:93.85,96.2 2 0
github.com/Jonss/posterr/db/mock/db.go:99.85,105.2 5 0
github.com/Jonss/posterr/db/mock/db.go:108.85,111.2 2 0
github.com/Jonss/posterr/api/httpserver/api.go:27.15,34.2 2 0
github.com/Jonss/posterr/api/httpserver/api.go:36.30,38.16 2 0
github.com/Jonss/posterr/api/httpserver/api.go:41.2,42.12 2 0
github.com/Jonss/posterr/api/httpserver/api.go:38.16,40.3 1 0
github.com/Jonss/posterr/api/httpserver/api.go:45.31,48.2 2 0
github.com/Jonss/posterr/pkg/post/mock/service.go:27.59,31.2 3 0
github.com/Jonss/posterr/pkg/post/mock/service.go:34.57,36.2 1 0
github.com/Jonss/posterr/pkg/post/mock/service.go:39.109,45.2 5 0
github.com/Jonss/posterr/pkg/post/mock/service.go:48.84,51.2 2 0
github.com/Jonss/posterr/config/config.go:18.35,22.45 3 0
github.com/Jonss/posterr/config/config.go:29.2,29.49 1 0
github.com/Jonss/posterr/config/config.go:32.2,32.20 1 0
github.com/Jonss/posterr/config/config.go:22.45,23.56 1 0
github.com/Jonss/posterr/config/config.go:26.3,26.21 1 0
github.com/Jonss/posterr/config/config.go:23.56,25.4 1 0
github.com/Jonss/posterr/config/config.go:29.49,31.3 1 0
github.com/Jonss/posterr/config/config.go:35.33,37.2 1 0
github.com/Jonss/posterr/db/db.go:17.28,19.2 1 0
github.com/Jonss/posterr/db/db.go:25.47,29.2 1 0
github.com/Jonss/posterr/db/test_utils.go:17.54,26.16 3 0
github.com/Jonss/posterr/db/test_utils.go:30.2,31.16 2 0
github.com/Jonss/posterr/db/test_utils.go:35.2,40.16 2 0
github.com/Jonss/posterr/db/test_utils.go:44.2,44.37 1 0
github.com/Jonss/posterr/db/test_utils.go:26.16,28.3 1 0
github.com/Jonss/posterr/db/test_utils.go:31.16,33.3 1 0
github.com/Jonss/posterr/db/test_utils.go:40.16,42.3 1 0
github.com/Jonss/posterr/db/test_utils.go:48.57,50.16 2 0
github.com/Jonss/posterr/db/test_utils.go:53.2,53.13 1 0
github.com/Jonss/posterr/db/test_utils.go:50.16,52.3 1 0
github.com/Jonss/posterr/db/test_utils.go:57.61,60.2 2 0
github.com/Jonss/posterr/cmd/seed/main.go:11.13,13.16 2 0
github.com/Jonss/posterr/cmd/seed/main.go:17.2,19.16 3 0
github.com/Jonss/posterr/cmd/seed/main.go:22.2,23.19 2 0
github.com/Jonss/posterr/cmd/seed/main.go:13.16,15.3 1 0
github.com/Jonss/posterr/cmd/seed/main.go:19.16,21.3 1 0
github.com/Jonss/posterr/cmd/seed/main.go:23.19,26.3 2 0
github.com/Jonss/posterr/cmd/seed/main.go:34.3,35.26 1 0
github.com/Jonss/posterr/cmd/seed/main.go:35.26,36.53 1 0
github.com/Jonss/posterr/cmd/seed/main.go:36.53,38.4 1 0
github.com/Jonss/posterr/db/fetch_posts.go:53.93,59.23 4 0
github.com/Jonss/posterr/db/fetch_posts.go:65.2,65.24 1 0
github.com/Jonss/posterr/db/fetch_posts.go:71.2,71.26 1 0
github.com/Jonss/posterr/db/fetch_posts.go:77.2,80.16 3 0
github.com/Jonss/posterr/db/fetch_posts.go:83.2,84.18 2 0
github.com/Jonss/posterr/db/fetch_posts.go:113.2,119.24 2 0
github.com/Jonss/posterr/db/fetch_posts.go:59.23,63.3 3 0
github.com/Jonss/posterr/db/fetch_posts.go:65.24,69.3 3 0
github.com/Jonss/posterr/db/fetch_posts.go:71.26,75.3 3 0
github.com/Jonss/posterr/db/fetch_posts.go:80.16,82.3 1 0
github.com/Jonss/posterr/db/fetch_posts.go:84.18,103.17 5 0
github.com/Jonss/posterr/db/fetch_posts.go:109.3,110.27 2 0
github.com/Jonss/posterr/db/fetch_posts.go:103.17,105.4 1 0
github.com/Jonss/posterr/db/fetch_posts.go:105.9,107.4 1 0
github.com/Jonss/posterr/db/fetch_posts.go:122.36,123.16 1 0
github.com/Jonss/posterr/db/fetch_posts.go:126.2,126.16 1 0
github.com/Jonss/posterr/db/fetch_posts.go:123.16,125.3 1 0
github.com/Jonss/posterr/db/migration.go:13.62,15.16 2 0
github.com/Jonss/posterr/db/migration.go:18.2,19.16 2 0
github.com/Jonss/posterr/db/migration.go:23.2,24.16 2 0
github.com/Jonss/posterr/db/migration.go:30.2,30.12 1 0
github.com/Jonss/posterr/db/migration.go:15.16,17.3 1 0
github.com/Jonss/posterr/db/migration.go:19.16,21.3 1 0
github.com/Jonss/posterr/db/migration.go:24.16,25.33 1 0
github.com/Jonss/posterr/db/migration.go:28.3,28.62 1 0
github.com/Jonss/posterr/db/migration.go:25.33,27.4 1 0
github.com/Jonss/posterr/db/users.sql.go:14.81,19.2 4 0
github.com/Jonss/posterr/api/httpserver/validator.go:19.41,22.11 3 0
github.com/Jonss/posterr/api/httpserver/validator.go:25.2,28.16 3 0
github.com/Jonss/posterr/api/httpserver/validator.go:31.2,31.47 1 0
github.com/Jonss/posterr/api/httpserver/validator.go:22.11,24.3 1 0
github.com/Jonss/posterr/api/httpserver/validator.go:28.16,30.3 1 0
github.com/Jonss/posterr/api/httpserver/validator.go:34.86,37.40 3 0
github.com/Jonss/posterr/api/httpserver/validator.go:40.2,40.77 1 0
github.com/Jonss/posterr/api/httpserver/validator.go:37.40,39.3 1 0
github.com/Jonss/posterr/api/httpserver/validator.go:43.55,45.2 1 0
github.com/Jonss/posterr/cmd/posterr/main.go:15.13,17.16 2 0
github.com/Jonss/posterr/cmd/posterr/main.go:21.2,22.16 2 0
github.com/Jonss/posterr/cmd/posterr/main.go:26.2,29.23 2 0
github.com/Jonss/posterr/cmd/posterr/main.go:36.2,61.36 8 0
github.com/Jonss/posterr/cmd/posterr/main.go:17.16,19.3 1 0
github.com/Jonss/posterr/cmd/posterr/main.go:22.16,24.3 1 0
github.com/Jonss/posterr/cmd/posterr/main.go:29.23,30.75 1 0
github.com/Jonss/posterr/cmd/posterr/main.go:30.75,32.4 1 0
github.com/Jonss/posterr/pkg/strings/strings.go:14.51,15.16 1 5
github.com/Jonss/posterr/pkg/strings/strings.go:18.2,18.20 1 4
github.com/Jonss/posterr/pkg/strings/strings.go:15.16,17.3 1 1
github.com/Jonss/posterr/pkg/strings/strings.go:21.46,23.2 1 2
github.com/Jonss/posterr/pkg/strings/strings.go:25.76,27.21 2 0
github.com/Jonss/posterr/pkg/strings/strings.go:31.2,32.16 2 0
github.com/Jonss/posterr/pkg/strings/strings.go:35.2,35.22 1 0
github.com/Jonss/posterr/pkg/strings/strings.go:27.21,29.3 1 0
github.com/Jonss/posterr/pkg/strings/strings.go:32.16,34.3 1 0
github.com/Jonss/posterr/pkg/strings/strings.go:38.67,40.21 2 0
github.com/Jonss/posterr/pkg/strings/strings.go:43.2,44.16 2 0
github.com/Jonss/posterr/pkg/strings/strings.go:47.2,47.15 1 0
github.com/Jonss/posterr/pkg/strings/strings.go:40.21,42.3 1 0
github.com/Jonss/posterr/pkg/strings/strings.go:44.16,46.3 1 0
github.com/Jonss/posterr/pkg/strings/strings.go:50.69,52.21 2 0
github.com/Jonss/posterr/pkg/strings/strings.go:55.2,56.16 2 0
github.com/Jonss/posterr/pkg/strings/strings.go:59.2,59.15 1 0
github.com/Jonss/posterr/pkg/strings/strings.go:52.21,54.3 1 0
github.com/Jonss/posterr/pkg/strings/strings.go:56.16,58.3 1 0
github.com/Jonss/posterr/api/httpserver/posts_handler.go:43.52,44.54 1 0
github.com/Jonss/posterr/api/httpserver/posts_handler.go:44.54,48.17 3 0
github.com/Jonss/posterr/api/httpserver/posts_handler.go:52.3,53.17 2 0
github.com/Jonss/posterr/api/httpserver/posts_handler.go:58.3,60.32 3 0
github.com/Jonss/posterr/api/httpserver/posts_handler.go:71.3,77.42 2 0
github.com/Jonss/posterr/api/httpserver/posts_handler.go:48.17,51.4 2 0
github.com/Jonss/posterr/api/httpserver/posts_handler.go:53.17,56.4 2 0
github.com/Jonss/posterr/api/httpserver/posts_handler.go:60.32,69.4 1 0
github.com/Jonss/posterr/api/httpserver/posts_handler.go:81.72,83.16 2 0
github.com/Jonss/posterr/api/httpserver/posts_handler.go:87.2,88.16 2 0
github.com/Jonss/posterr/api/httpserver/posts_handler.go:92.2,93.16 2 0
github.com/Jonss/posterr/api/httpserver/posts_handler.go:97.2,98.16 2 0
github.com/Jonss/posterr/api/httpserver/posts_handler.go:101.2,101.15 1 0
github.com/Jonss/posterr/api/httpserver/posts_handler.go:105.2,106.16 2 0
github.com/Jonss/posterr/api/httpserver/posts_handler.go:110.2,111.16 2 0
github.com/Jonss/posterr/api/httpserver/posts_handler.go:115.2,115.29 1 0
github.com/Jonss/posterr/api/httpserver/posts_handler.go:119.2,126.8 1 0
github.com/Jonss/posterr/api/httpserver/posts_handler.go:83.16,85.3 1 0
github.com/Jonss/posterr/api/httpserver/posts_handler.go:88.16,90.3 1 0
github.com/Jonss/posterr/api/httpserver/posts_handler.go:93.16,95.3 1 0
github.com/Jonss/posterr/api/httpserver/posts_handler.go:98.16,100.3 1 0
github.com/Jonss/posterr/api/httpserver/posts_handler.go:101.15,103.3 1 0
github.com/Jonss/posterr/api/httpserver/posts_handler.go:106.16,108.3 1 0
github.com/Jonss/posterr/api/httpserver/posts_handler.go:111.16,113.3 1 0
github.com/Jonss/posterr/api/httpserver/posts_handler.go:115.29,117.3 1 0
github.com/Jonss/posterr/api/httpserver/posts_handler.go:129.50,130.15 1 0
github.com/Jonss/posterr/api/httpserver/posts_handler.go:133.2,136.3 1 0
github.com/Jonss/posterr/api/httpserver/posts_handler.go:130.15,132.3 1 0
github.com/Jonss/posterr/pkg/post/service.go:13.47,15.2 1 0
github.com/Jonss/posterr/api/httpserver/api.go:27.15,34.2 2 0
github.com/Jonss/posterr/api/httpserver/api.go:36.30,38.16 2 0
github.com/Jonss/posterr/api/httpserver/api.go:41.2,42.12 2 0
github.com/Jonss/posterr/api/httpserver/api.go:38.16,40.3 1 0
github.com/Jonss/posterr/api/httpserver/api.go:45.31,48.2 2 0
github.com/Jonss/posterr/api/httpserver/responses.go:12.83,14.16 2 0
github.com/Jonss/posterr/api/httpserver/responses.go:18.2,21.16 4 0
github.com/Jonss/posterr/api/httpserver/responses.go:14.16,16.3 1 0
github.com/Jonss/posterr/api/httpserver/responses.go:21.16,23.3 1 0
github.com/Jonss/posterr/api/httpserver/responses.go:34.64,38.2 3 0
github.com/Jonss/posterr/api/httpserver/validator.go:19.41,22.11 3 0
github.com/Jonss/posterr/api/httpserver/validator.go:25.2,28.16 3 0
github.com/Jonss/posterr/api/httpserver/validator.go:31.2,31.47 1 0
github.com/Jonss/posterr/api/httpserver/validator.go:22.11,24.3 1 0
github.com/Jonss/posterr/api/httpserver/validator.go:28.16,30.3 1 0
github.com/Jonss/posterr/api/httpserver/validator.go:34.86,37.40 3 0
github.com/Jonss/posterr/api/httpserver/validator.go:40.2,40.77 1 0
github.com/Jonss/posterr/api/httpserver/validator.go:37.40,39.3 1 0
github.com/Jonss/posterr/api/httpserver/validator.go:43.55,45.2 1 0
github.com/Jonss/posterr/cmd/posterr/main.go:15.13,17.16 2 0
github.com/Jonss/posterr/cmd/posterr/main.go:21.2,22.16 2 0
github.com/Jonss/posterr/cmd/posterr/main.go:26.2,29.23 2 0
github.com/Jonss/posterr/cmd/posterr/main.go:36.2,61.36 8 0
github.com/Jonss/posterr/cmd/posterr/main.go:17.16,19.3 1 0
github.com/Jonss/posterr/cmd/posterr/main.go:22.16,24.3 1 0
github.com/Jonss/posterr/cmd/posterr/main.go:29.23,30.75 1 0
github.com/Jonss/posterr/cmd/posterr/main.go:30.75,32.4 1 0
github.com/Jonss/posterr/pkg/post/post.go:36.40,39.36 3 0
github.com/Jonss/posterr/pkg/post/post.go:42.2,42.35 1 0
github.com/Jonss/posterr/pkg/post/post.go:45.2,45.17 1 0
github.com/Jonss/posterr/pkg/post/post.go:39.36,41.3 1 0
github.com/Jonss/posterr/pkg/post/post.go:42.35,44.3 1 0
github.com/Jonss/posterr/pkg/post/post.go:59.99,68.16 2 0
github.com/Jonss/posterr/pkg/post/post.go:71.2,73.26 3 0
github.com/Jonss/posterr/pkg/post/post.go:86.2,91.22 2 0
github.com/Jonss/posterr/pkg/post/post.go:68.16,70.3 1 0
github.com/Jonss/posterr/pkg/post/post.go:73.26,84.3 1 0
github.com/Jonss/posterr/pkg/post/post.go:94.50,95.14 1 0
github.com/Jonss/posterr/pkg/post/post.go:98.2,104.3 1 0
github.com/Jonss/posterr/pkg/post/post.go:95.14,97.3 1 0
github.com/Jonss/posterr/pkg/post/post.go:107.53,108.15 1 0
github.com/Jonss/posterr/pkg/post/post.go:111.2,115.20 3 0
github.com/Jonss/posterr/pkg/post/post.go:108.15,110.3 1 0
github.com/Jonss/posterr/db/fetch_posts.go:53.93,59.23 4 0
github.com/Jonss/posterr/db/fetch_posts.go:65.2,65.24 1 0
github.com/Jonss/posterr/db/fetch_posts.go:71.2,71.26 1 0
github.com/Jonss/posterr/db/fetch_posts.go:77.2,80.16 3 0
github.com/Jonss/posterr/db/fetch_posts.go:83.2,84.18 2 0
github.com/Jonss/posterr/db/fetch_posts.go:113.2,119.24 2 0
github.com/Jonss/posterr/db/fetch_posts.go:59.23,63.3 3 0
github.com/Jonss/posterr/db/fetch_posts.go:65.24,69.3 3 0
github.com/Jonss/posterr/db/fetch_posts.go:71.26,75.3 3 0
github.com/Jonss/posterr/db/fetch_posts.go:80.16,82.3 1 0
github.com/Jonss/posterr/db/fetch_posts.go:84.18,103.17 5 0
github.com/Jonss/posterr/db/fetch_posts.go:109.3,110.27 2 0
github.com/Jonss/posterr/db/fetch_posts.go:103.17,105.4 1 0
github.com/Jonss/posterr/db/fetch_posts.go:105.9,107.4 1 0
github.com/Jonss/posterr/db/fetch_posts.go:122.36,123.16 1 0
github.com/Jonss/posterr/db/fetch_posts.go:126.2,126.16 1 0
github.com/Jonss/posterr/db/fetch_posts.go:123.16,125.3 1 0
github.com/Jonss/posterr/db/migration.go:13.62,15.16 2 0
github.com/Jonss/posterr/db/migration.go:18.2,19.16 2 0
github.com/Jonss/posterr/db/migration.go:23.2,24.16 2 0
github.com/Jonss/posterr/db/migration.go:30.2,30.12 1 0
github.com/Jonss/posterr/db/migration.go:15.16,17.3 1 0
github.com/Jonss/posterr/db/migration.go:19.16,21.3 1 0
github.com/Jonss/posterr/db/migration.go:24.16,25.33 1 0
github.com/Jonss/posterr/db/migration.go:28.3,28.62 1 0
github.com/Jonss/posterr/db/migration.go:25.33,27.4 1 0
github.com/Jonss/posterr/db/mock/db.go:27.65,31.2 3 0
github.com/Jonss/posterr/db/mock/db.go:34.63,36.2 1 0
github.com/Jonss/posterr/db/mock/db.go:39.100,45.2 5 0
github.com/Jonss/posterr/db/mock/db.go:48.87,51.2 2 0
github.com/Jonss/posterr/db/mock/db.go:54.102,60.2 5 0
github.com/Jonss/posterr/db/mock/db.go:63.87,66.2 2 0
github.com/Jonss/posterr/db/mock/db.go:69.108,75.2 5 0
github.com/Jonss/posterr/db/mock/db.go:78.87,81.2 2 0
github.com/Jonss/posterr/db/mock/db.go:84.98,90.2 5 0
github.com/Jonss/posterr/db/mock/db.go:93.85,96.2 2 0
github.com/Jonss/posterr/db/mock/db.go:99.85,105.2 5 0
github.com/Jonss/posterr/db/mock/db.go:108.85,111.2 2 0
github.com/Jonss/posterr/pkg/post/mock/service.go:27.59,31.2 3 0
github.com/Jonss/posterr/pkg/post/mock/service.go:34.57,36.2 1 0
github.com/Jonss/posterr/pkg/post/mock/service.go:39.109,45.2 5 0
github.com/Jonss/posterr/pkg/post/mock/service.go:48.84,51.2 2 0
github.com/Jonss/posterr/config/config.go:18.35,22.45 3 0
github.com/Jonss/posterr/config/config.go:29.2,29.49 1 0
github.com/Jonss/posterr/config/config.go:32.2,32.20 1 0
github.com/Jonss/posterr/config/config.go:22.45,23.56 1 0
github.com/Jonss/posterr/config/config.go:26.3,26.21 1 0
github.com/Jonss/posterr/config/config.go:23.56,25.4 1 0
github.com/Jonss/posterr/config/config.go:29.49,31.3 1 0
github.com/Jonss/posterr/config/config.go:35.33,37.2 1 0
github.com/Jonss/posterr/db/db.go:17.28,19.2 1 0
github.com/Jonss/posterr/db/db.go:25.47,29.2 1 0
github.com/Jonss/posterr/db/posts.sql.go:24.88,29.2 4 0
github.com/Jonss/posterr/db/posts.sql.go:45.87,56.2 4 0
github.com/Jonss/posterr/db/posts.sql.go:73.83,89.2 4 0
github.com/Jonss/posterr/db/test_utils.go:17.54,26.16 3 0
github.com/Jonss/posterr/db/test_utils.go:30.2,31.16 2 0
github.com/Jonss/posterr/db/test_utils.go:35.2,40.16 2 0
github.com/Jonss/posterr/db/test_utils.go:44.2,44.37 1 0
github.com/Jonss/posterr/db/test_utils.go:26.16,28.3 1 0
github.com/Jonss/posterr/db/test_utils.go:31.16,33.3 1 0
github.com/Jonss/posterr/db/test_utils.go:40.16,42.3 1 0
github.com/Jonss/posterr/db/test_utils.go:48.57,50.16 2 0
github.com/Jonss/posterr/db/test_utils.go:53.2,53.13 1 0
github.com/Jonss/posterr/db/test_utils.go:50.16,52.3 1 0
github.com/Jonss/posterr/db/test_utils.go:57.61,60.2 2 0
github.com/Jonss/posterr/db/users.sql.go:14.81,19.2 4 0
github.com/Jonss/posterr/api/httpserver/posts_handler.go:43.52,44.54 1 0
github.com/Jonss/posterr/api/httpserver/posts_handler.go:44.54,48.17 3 0
github.com/Jonss/posterr/api/httpserver/posts_handler.go:52.3,53.17 2 0
github.com/Jonss/posterr/api/httpserver/posts_handler.go:58.3,60.32 3 0
github.com/Jonss/posterr/api/httpserver/posts_handler.go:71.3,77.42 2 0
github.com/Jonss/posterr/api/httpserver/posts_handler.go:48.17,51.4 2 0
github.com/Jonss/posterr/api/httpserver/posts_handler.go:53.17,56.4 2 0
github.com/Jonss/posterr/api/httpserver/posts_handler.go:60.32,69.4 1 0
github.com/Jonss/posterr/api/httpserver/posts_handler.go:81.72,83.16 2 0
github.com/Jonss/posterr/api/httpserver/posts_handler.go:87.2,88.16 2 0
github.com/Jonss/posterr/api/httpserver/posts_handler.go:92.2,93.16 2 0
github.com/Jonss/posterr/api/httpserver/posts_handler.go:97.2,98.16 2 0
github.com/Jonss/posterr/api/httpserver/posts_handler.go:101.2,101.15 1 0
github.com/Jonss/posterr/api/httpserver/posts_handler.go:105.2,106.16 2 0
github.com/Jonss/posterr/api/httpserver/posts_handler.go:110.2,111.16 2 0
github.com/Jonss/posterr/api/httpserver/posts_handler.go:115.2,115.29 1 0
github.com/Jonss/posterr/api/httpserver/posts_handler.go:119.2,126.8 1 0
github.com/Jonss/posterr/api/httpserver/posts_handler.go:83.16,85.3 1 0
github.com/Jonss/posterr/api/httpserver/posts_handler.go:88.16,90.3 1 0
github.com/Jonss/posterr/api/httpserver/posts_handler.go:93.16,95.3 1 0
github.com/Jonss/posterr/api/httpserver/posts_handler.go:98.16,100.3 1 0
github.com/Jonss/posterr/api/httpserver/posts_handler.go:101.15,103.3 1 0
github.com/Jonss/posterr/api/httpserver/posts_handler.go:106.16,108.3 1 0
github.com/Jonss/posterr/api/httpserver/posts_handler.go:111.16,113.3 1 0
github.com/Jonss/posterr/api/httpserver/posts_handler.go:115.29,117.3 1 0
github.com/Jonss/posterr/api/httpserver/posts_handler.go:129.50,130.15 1 0
github.com/Jonss/posterr/api/httpserver/posts_handler.go:133.2,136.3 1 0
github.com/Jonss/posterr/api/httpserver/posts_handler.go:130.15,132.3 1 0
github.com/Jonss/posterr/cmd/seed/main.go:11.13,13.16 2 0
github.com/Jonss/posterr/cmd/seed/main.go:17.2,19.16 3 0
github.com/Jonss/posterr/cmd/seed/main.go:22.2,23.19 2 0
github.com/Jonss/posterr/cmd/seed/main.go:13.16,15.3 1 0
github.com/Jonss/posterr/cmd/seed/main.go:19.16,21.3 1 0
github.com/Jonss/posterr/cmd/seed/main.go:23.19,26.3 2 0
github.com/Jonss/posterr/cmd/seed/main.go:34.3,35.26 1 0
github.com/Jonss/posterr/cmd/seed/main.go:35.26,36.53 1 0
github.com/Jonss/posterr/cmd/seed/main.go:36.53,38.4 1 0
github.com/Jonss/posterr/pkg/strings/strings.go:14.51,15.16 1 0
github.com/Jonss/posterr/pkg/strings/strings.go:18.2,18.20 1 0
github.com/Jonss/posterr/pkg/strings/strings.go:15.16,17.3 1 0
github.com/Jonss/posterr/pkg/strings/strings.go:21.46,23.2 1 0
github.com/Jonss/posterr/pkg/strings/strings.go:25.76,27.21 2 1
github.com/Jonss/posterr/pkg/strings/strings.go:31.2,32.16 2 1
github.com/Jonss/posterr/pkg/strings/strings.go:35.2,35.22 1 1
github.com/Jonss/posterr/pkg/strings/strings.go:27.21,29.3 1 0
github.com/Jonss/posterr/pkg/strings/strings.go:32.16,34.3 1 0
github.com/Jonss/posterr/pkg/strings/strings.go:38.67,40.21 2 0
github.com/Jonss/posterr/pkg/strings/strings.go:43.2,44.16 2 0
github.com/Jonss/posterr/pkg/strings/strings.go:47.2,47.15 1 0
github.com/Jonss/posterr/pkg/strings/strings.go:40.21,42.3 1 0
github.com/Jonss/posterr/pkg/strings/strings.go:44.16,46.3 1 0
github.com/Jonss/posterr/pkg/strings/strings.go:50.69,52.21 2 0
github.com/Jonss/posterr/pkg/strings/strings.go:55.2,56.16 2 0
github.com/Jonss/posterr/pkg/strings/strings.go:59.2,59.15 1 0
github.com/Jonss/posterr/pkg/strings/strings.go:52.21,54.3 1 0
github.com/Jonss/posterr/pkg/strings/strings.go:56.16,58.3 1 0
github.com/Jonss/posterr/db/connection.go:9.56,11.16 2 0
github.com/Jonss/posterr/db/connection.go:14.2,14.18 1 0
github.com/Jonss/posterr/db/connection.go:11.16,13.3 1 0
github.com/Jonss/posterr/db/mock/db.go:27.65,31.2 3 0
github.com/Jonss/posterr/db/mock/db.go:34.63,36.2 1 0
github.com/Jonss/posterr/db/mock/db.go:39.100,45.2 5 0
github.com/Jonss/posterr/db/mock/db.go:48.87,51.2 2 0
github.com/Jonss/posterr/db/mock/db.go:54.102,60.2 5 0
github.com/Jonss/posterr/db/mock/db.go:63.87,66.2 2 0
github.com/Jonss/posterr/db/mock/db.go:69.108,75.2 5 0
github.com/Jonss/posterr/db/mock/db.go:78.87,81.2 2 0
github.com/Jonss/posterr/db/mock/db.go:84.98,90.2 5 0
github.com/Jonss/posterr/db/mock/db.go:93.85,96.2 2 0
github.com/Jonss/posterr/db/mock/db.go:99.85,105.2 5 0
github.com/Jonss/posterr/db/mock/db.go:108.85,111.2 2 0
github.com/Jonss/posterr/api/httpserver/api.go:27.15,34.2 2 0
github.com/Jonss/posterr/api/httpserver/api.go:36.30,38.16 2 0
github.com/Jonss/posterr/api/httpserver/api.go:41.2,42.12 2 0
github.com/Jonss/posterr/api/httpserver/api.go:38.16,40.3 1 0
github.com/Jonss/posterr/api/httpserver/api.go:45.31,48.2 2 0
github.com/Jonss/posterr/cmd/seed/main.go:11.13,13.16 2 0
github.com/Jonss/posterr/cmd/seed/main.go:17.2,19.16 3 0
github.com/Jonss/posterr/cmd/seed/main.go:22.2,23.19 2 0
github.com/Jonss/posterr/cmd/seed/main.go:13.16,15.3 1 0
github.com/Jonss/posterr/cmd/seed/main.go:19.16,21.3 1 0
github.com/Jonss/posterr/cmd/seed/main.go:23.19,26.3 2 0
github.com/Jonss/posterr/cmd/seed/main.go:34.3,35.26 1 0
github.com/Jonss/posterr/cmd/seed/main.go:35.26,36.53 1 0
github.com/Jonss/posterr/cmd/seed/main.go:36.53,38.4 1 0
github.com/Jonss/posterr/db/users.sql.go:14.81,19.2 4 12
github.com/Jonss/posterr/config/config.go:18.35,22.45 3 0
github.com/Jonss/posterr/config/config.go:29.2,29.49 1 0
github.com/Jonss/posterr/config/config.go:32.2,32.20 1 0
github.com/Jonss/posterr/config/config.go:22.45,23.56 1 0
github.com/Jonss/posterr/config/config.go:26.3,26.21 1 0
github.com/Jonss/posterr/config/config.go:23.56,25.4 1 0
github.com/Jonss/posterr/config/config.go:29.49,31.3 1 0
github.com/Jonss/posterr/config/config.go:35.33,37.2 1 0
github.com/Jonss/posterr/pkg/strings/strings.go:14.51,15.16 1 0
github.com/Jonss/posterr/pkg/strings/strings.go:18.2,18.20 1 0
github.com/Jonss/posterr/pkg/strings/strings.go:15.16,17.3 1 0
github.com/Jonss/posterr/pkg/strings/strings.go:21.46,23.2 1 0
github.com/Jonss/posterr/pkg/strings/strings.go:25.76,27.21 2 0
github.com/Jonss/posterr/pkg/strings/strings.go:31.2,32.16 2 0
github.com/Jonss/posterr/pkg/strings/strings.go:35.2,35.22 1 0
github.com/Jonss/posterr/pkg/strings/strings.go:27.21,29.3 1 0
github.com/Jonss/posterr/pkg/strings/strings.go:32.16,34.3 1 0
github.com/Jonss/posterr/pkg/strings/strings.go:38.67,40.21 2 0
github.com/Jonss/posterr/pkg/strings/strings.go:43.2,44.16 2 0
github.com/Jonss/posterr/pkg/strings/strings.go:47.2,47.15 1 0
github.com/Jonss/posterr/pkg/strings/strings.go:40.21,42.3 1 0
github.com/Jonss/posterr/pkg/strings/strings.go:44.16,46.3 1 0
github.com/Jonss/posterr/pkg/strings/strings.go:50.69,52.21 2 0
github.com/Jonss/posterr/pkg/strings/strings.go:55.2,56.16 2 0
github.com/Jonss/posterr/pkg/strings/strings.go:59.2,59.15 1 0
github.com/Jonss/posterr/pkg/strings/strings.go:52.21,54.3 1 0
github.com/Jonss/posterr/pkg/strings/strings.go:56.16,58.3 1 0
github.com/Jonss/posterr/cmd/posterr/main.go:15.13,17.16 2 0
github.com/Jonss/posterr/cmd/posterr/main.go:21.2,22.16 2 0
github.com/Jonss/posterr/cmd/posterr/main.go:26.2,29.23 2 0
github.com/Jonss/posterr/cmd/posterr/main.go:36.2,61.36 8 0
github.com/Jonss/posterr/cmd/posterr/main.go:17.16,19.3 1 0
github.com/Jonss/posterr/cmd/posterr/main.go:22.16,24.3 1 0
github.com/Jonss/posterr/cmd/posterr/main.go:29.23,30.75 1 0
github.com/Jonss/posterr/cmd/posterr/main.go:30.75,32.4 1 0
github.com/Jonss/posterr/pkg/post/mock/service.go:27.59,31.2 3 0
github.com/Jonss/posterr/pkg/post/mock/service.go:34.57,36.2 1 0
github.com/Jonss/posterr/pkg/post/mock/service.go:39.109,45.2 5 0
github.com/Jonss/posterr/pkg/post/mock/service.go:48.84,51.2 2 0
github.com/Jonss/posterr/db/connection.go:9.56,11.16 2 4
github.com/Jonss/posterr/db/connection.go:14.2,14.18 1 4
github.com/Jonss/posterr/db/connection.go:11.16,13.3 1 0
github.com/Jonss/posterr/db/fetch_posts.go:53.93,59.23 4 5
github.com/Jonss/posterr/db/fetch_posts.go:65.2,65.24 1 5
github.com/Jonss/posterr/db/fetch_posts.go:71.2,71.26 1 5
github.com/Jonss/posterr/db/fetch_posts.go:77.2,80.16 3 5
github.com/Jonss/posterr/db/fetch_posts.go:83.2,84.18 2 5
github.com/Jonss/posterr/db/fetch_posts.go:113.2,119.24 2 5
github.com/Jonss/posterr/db/fetch_posts.go:59.23,63.3 3 5
github.com/Jonss/posterr/db/fetch_posts.go:65.24,69.3 3 1
github.com/Jonss/posterr/db/fetch_posts.go:71.26,75.3 3 1
github.com/Jonss/posterr/db/fetch_posts.go:80.16,82.3 1 0
github.com/Jonss/posterr/db/fetch_posts.go:84.18,103.17 5 9
github.com/Jonss/posterr/db/fetch_posts.go:109.3,110.27 2 9
github.com/Jonss/posterr/db/fetch_posts.go:103.17,105.4 1 7
github.com/Jonss/posterr/db/fetch_posts.go:105.9,107.4 1 2
github.com/Jonss/posterr/db/fetch_posts.go:122.36,123.16 1 7
github.com/Jonss/posterr/db/fetch_posts.go:126.2,126.16 1 5
github.com/Jonss/posterr/db/fetch_posts.go:123.16,125.3 1 2
github.com/Jonss/posterr/pkg/post/service.go:13.47,15.2 1 0
github.com/Jonss/posterr/api/httpserver/responses.go:12.83,14.16 2 0
github.com/Jonss/posterr/api/httpserver/responses.go:18.2,21.16 4 0
github.com/Jonss/posterr/api/httpserver/responses.go:14.16,16.3 1 0
github.com/Jonss/posterr/api/httpserver/responses.go:21.16,23.3 1 0
github.com/Jonss/posterr/api/httpserver/responses.go:34.64,38.2 3 0
github.com/Jonss/posterr/api/httpserver/validator.go:19.41,22.11 3 0
github.com/Jonss/posterr/api/httpserver/validator.go:25.2,28.16 3 0
github.com/Jonss/posterr/api/httpserver/validator.go:31.2,31.47 1 0
github.com/Jonss/posterr/api/httpserver/validator.go:22.11,24.3 1 0
github.com/Jonss/posterr/api/httpserver/validator.go:28.16,30.3 1 0
github.com/Jonss/posterr/api/httpserver/validator.go:34.86,37.40 3 0
github.com/Jonss/posterr/api/httpserver/validator.go:40.2,40.77 1 0
github.com/Jonss/posterr/api/httpserver/validator.go:37.40,39.3 1 0
github.com/Jonss/posterr/api/httpserver/validator.go:43.55,45.2 1 0
github.com/Jonss/posterr/db/db.go:17.28,19.2 1 4
github.com/Jonss/posterr/db/db.go:25.47,29.2 1 0
github.com/Jonss/posterr/db/migration.go:13.62,15.16 2 4
github.com/Jonss/posterr/db/migration.go:18.2,19.16 2 4
github.com/Jonss/posterr/db/migration.go:23.2,24.16 2 4
github.com/Jonss/posterr/db/migration.go:30.2,30.12 1 4
github.com/Jonss/posterr/db/migration.go:15.16,17.3 1 0
github.com/Jonss/posterr/db/migration.go:19.16,21.3 1 0
github.com/Jonss/posterr/db/migration.go:24.16,25.33 1 0
github.com/Jonss/posterr/db/migration.go:28.3,28.62 1 0
github.com/Jonss/posterr/db/migration.go:25.33,27.4 1 0
github.com/Jonss/posterr/db/posts.sql.go:24.88,29.2 4 2
github.com/Jonss/posterr/db/posts.sql.go:45.87,56.2 4 20
github.com/Jonss/posterr/db/posts.sql.go:73.83,89.2 4 23
github.com/Jonss/posterr/db/test_utils.go:17.54,26.16 3 4
github.com/Jonss/posterr/db/test_utils.go:30.2,31.16 2 4
github.com/Jonss/posterr/db/test_utils.go:35.2,40.16 2 4
github.com/Jonss/posterr/db/test_utils.go:44.2,44.37 1 4
github.com/Jonss/posterr/db/test_utils.go:26.16,28.3 1 0
github.com/Jonss/posterr/db/test_utils.go:31.16,33.3 1 0
github.com/Jonss/posterr/db/test_utils.go:40.16,42.3 1 0
github.com/Jonss/posterr/db/test_utils.go:48.57,50.16 2 5
github.com/Jonss/posterr/db/test_utils.go:53.2,53.13 1 5
github.com/Jonss/posterr/db/test_utils.go:50.16,52.3 1 0
github.com/Jonss/posterr/db/test_utils.go:57.61,60.2 2 2
github.com/Jonss/posterr/pkg/post/post.go:36.40,39.36 3 0
github.com/Jonss/posterr/pkg/post/post.go:42.2,42.35 1 0
github.com/Jonss/posterr/pkg/post/post.go:45.2,45.17 1 0
github.com/Jonss/posterr/pkg/post/post.go:39.36,41.3 1 0
github.com/Jonss/posterr/pkg/post/post.go:42.35,44.3 1 0
github.com/Jonss/posterr/pkg/post/post.go:59.99,68.16 2 0
github.com/Jonss/posterr/pkg/post/post.go:71.2,73.26 3 0
github.com/Jonss/posterr/pkg/post/post.go:86.2,91.22 2 0
github.com/Jonss/posterr/pkg/post/post.go:68.16,70.3 1 0
github.com/Jonss/posterr/pkg/post/post.go:73.26,84.3 1 0
github.com/Jonss/posterr/pkg/post/post.go:94.50,95.14 1 0
github.com/Jonss/posterr/pkg/post/post.go:98.2,104.3 1 0
github.com/Jonss/posterr/pkg/post/post.go:95.14,97.3 1 0
github.com/Jonss/posterr/pkg/post/post.go:107.53,108.15 1 0
github.com/Jonss/posterr/pkg/post/post.go:111.2,115.20 3 0
github.com/Jonss/posterr/pkg/post/post.go:108.15,110.3 1 0
github.com/Jonss/posterr/api/httpserver/posts_handler.go:43.52,44.54 1 0
github.com/Jonss/posterr/api/httpserver/posts_handler.go:44.54,48.17 3 0
github.com/Jonss/posterr/api/httpserver/posts_handler.go:52.3,53.17 2 0
github.com/Jonss/posterr/api/httpserver/posts_handler.go:58.3,60.32 3 0
github.com/Jonss/posterr/api/httpserver/posts_handler.go:71.3,77.42 2 0
github.com/Jonss/posterr/api/httpserver/posts_handler.go:48.17,51.4 2 0
github.com/Jonss/posterr/api/httpserver/posts_handler.go:53.17,56.4 2 0
github.com/Jonss/posterr/api/httpserver/posts_handler.go:60.32,69.4 1 0
github.com/Jonss/posterr/api/httpserver/posts_handler.go:81.72,83.16 2 0
github.com/Jonss/posterr/api/httpserver/posts_handler.go:87.2,88.16 2 0
github.com/Jonss/posterr/api/httpserver/posts_handler.go:92.2,93.16 2 0
github.com/Jonss/posterr/api/httpserver/posts_handler.go:97.2,98.16 2 0
github.com/Jonss/posterr/api/httpserver/posts_handler.go:101.2,101.15 1 0
github.com/Jonss/posterr/api/httpserver/posts_handler.go:105.2,106.16 2 0
github.com/Jonss/posterr/api/httpserver/posts_handler.go:110.2,111.16 2 0
github.com/Jonss/posterr/api/httpserver/posts_handler.go:115.2,115.29 1 0
github.com/Jonss/posterr/api/httpserver/posts_handler.go:119.2,126.8 1 0
github.com/Jonss/posterr/api/httpserver/posts_handler.go:83.16,85.3 1 0
github.com/Jonss/posterr/api/httpserver/posts_handler.go:88.16,90.3 1 0
github.com/Jonss/posterr/api/httpserver/posts_handler.go:93.16,95.3 1 0
github.com/Jonss/posterr/api/httpserver/posts_handler.go:98.16,100.3 1 0
github.com/Jonss/posterr/api/httpserver/posts_handler.go:101.15,103.3 1 0
github.com/Jonss/posterr/api/httpserver/posts_handler.go:106.16,108.3 1 0
github.com/Jonss/posterr/api/httpserver/posts_handler.go:111.16,113.3 1 0
github.com/Jonss/posterr/api/httpserver/posts_handler.go:115.29,117.3 1 0
github.com/Jonss/posterr/api/httpserver/posts_handler.go:129.50,130.15 1 0
github.com/Jonss/posterr/api/httpserver/posts_handler.go:133.2,136.3 1 0
github.com/Jonss/posterr/api/httpserver/posts_handler.go:130.15,132.3 1 0
